<?xml version="1.0" encoding="UTF-8"?>
<!-- Generated by org.testng.reporters.JUnitXMLReporter -->
<testsuite ignored="0" hostname="DESKTOP-7BQL62S" failures="0" tests="3" name="Default test" time="16.389" errors="0" timestamp="2023-05-25T14:57:22 IST">
  <testcase classname="day34.SecondTest" name="openApp" time="13.267"/>
  <testcase classname="day34.SecondTest" name="login" time="2.71"/>
  <testcase classname="day34.SecondTest" name="closeApp" time="0.279"/>
</testsuite> <!-- Default test -->
